commit e9a15c8f569cae364f78afeaa37884be86c4eb8c
Author: wouter <wvdmeide@opentext.com>
Date:   Thu Nov 17 12:12:36 2022 +0100

    lsdkjfh

commit e8a2b5dc9b33c6a3d5d8a5c4d66c499ac399ce07
Author: wouter <wvdmeide@opentext.com>
Date:   Thu Nov 17 12:04:26 2022 +0100

    A few changes for the website

commit 972b0ceae726f4188d25245947e33a6ea0903168
Author: wouter <wvdmeide@opentext.com>
Date:   Thu Nov 17 11:51:34 2022 +0100

    Adding more hipster ipsum

commit 83c22a4e48caa7283feb9245b34460695874bebf
Author: wouter <wvdmeide@opentext.com>
Date:   Thu Nov 17 11:45:55 2022 +0100

    Adding some hipster ipsum

commit 401055b398287ccc8e366745383f275e46534a92
Author: wouter <wvdmeide@opentext.com>
Date:   Thu Nov 17 11:20:29 2022 +0100

    Initial commit
